<?xml version="1.0" encoding="UTF-8"?>
<!-- Generated by org.testng.reporters.JUnitReportReporter -->
<testsuite hostname="DESKTOP-T93JTV2" failures="0" tests="4" name="runer.TestNG" time="9.240" errors="0" timestamp="2025-01-23T13:47:01 IST" skipped="0">
  <testcase classname="runer.TestNG" name="runScenario" time="2.682"/>
  <testcase classname="runer.TestNG" name="runScenario" time="1.997"/>
  <testcase classname="runer.TestNG" name="runScenario" time="2.375"/>
  <testcase classname="runer.TestNG" name="runScenario" time="2.186"/>
</testsuite> <!-- runer.TestNG -->
