<?xml version="1.0" encoding="UTF-8"?>
<!-- Generated by org.testng.reporters.JUnitReportReporter -->
<testsuite hostname="DESKTOP-T93JTV2" failures="0" tests="1" name="runer.TestNG" time="2.666" errors="0" timestamp="2025-01-22T18:25:33 IST" skipped="0">
  <testcase classname="runer.TestNG" name="runScenario" time="2.666"/>
</testsuite> <!-- runer.TestNG -->
