<?xml version="1.0" encoding="UTF-8"?>
<!-- Generated by org.testng.reporters.JUnitReportReporter -->
<testsuite hostname="DESKTOP-T93JTV2" failures="0" tests="7" name="runer.TestNG" time="16.527" errors="0" timestamp="2025-01-27T18:35:12 IST" skipped="0">
  <testcase classname="runer.TestNG" name="runScenario" time="2.185"/>
  <testcase classname="runer.TestNG" name="runScenario" time="2.580"/>
  <testcase classname="runer.TestNG" name="runScenario" time="1.943"/>
  <testcase classname="runer.TestNG" name="runScenario" time="2.874"/>
  <testcase classname="runer.TestNG" name="runScenario" time="2.692"/>
  <testcase classname="runer.TestNG" name="runScenario" time="2.197"/>
  <testcase classname="runer.TestNG" name="runScenario" time="2.056"/>
</testsuite> <!-- runer.TestNG -->
